#-----------------------------------------------------------
# Webtalk v2016.1 (64-bit)
# SW Build 1538259 on Fri Apr  8 15:45:23 MDT 2016
# 
# Start of session at: Mon May  1 11:51:41 2017
# Process ID: 30826
# Current directory: /home/INTRA/chakal/workspace/project/vivado/project.sdk/webtalk
# Command line: wbtcv -mode batch -source sdk_webtalk.tcl
# Log file: /home/INTRA/chakal/workspace/project/vivado/project.sdk/webtalk/webtalk.log
# Journal file: /home/INTRA/chakal/workspace/project/vivado/project.sdk/webtalk/webtalk.jou
#-----------------------------------------------------------
source sdk_webtalk.tcl
# webtalk_init -webtalk_dir /home/INTRA/chakal/workspace/project/vivado/project.sdk/webtalk
# webtalk_register_client -client project
# webtalk_add_data -client project -key date_generated -value "Mon May 1 11:51:40 2017" -context "software_version_and_target_device"
# webtalk_add_data -client project -key product_version -value "SDK v2016.1" -context "software_version_and_target_device"
# webtalk_add_data -client project -key build_version -value "2016.1" -context "software_version_and_target_device"
# webtalk_add_data -client project -key os_platform -value "amd64" -context "software_version_and_target_device"
# webtalk_add_data -client project -key registration_id -value "" -context "software_version_and_target_device"
# webtalk_add_data -client project -key tool_flow -value "SDK" -context "software_version_and_target_device"
# webtalk_add_data -client project -key beta -value "false" -context "software_version_and_target_device"
# webtalk_add_data -client project -key route_design -value "NA" -context "software_version_and_target_device"
# webtalk_add_data -client project -key target_family -value "NA" -context "software_version_and_target_device"
# webtalk_add_data -client project -key target_device -value "NA" -context "software_version_and_target_device"
# webtalk_add_data -client project -key target_package -value "NA" -context "software_version_and_target_device"
# webtalk_add_data -client project -key target_speed -value "NA" -context "software_version_and_target_device"
# webtalk_add_data -client project -key random_id -value "34lmdh12d53bd5ganbmp3kiij9" -context "software_version_and_target_device"
# webtalk_add_data -client project -key project_id -value "2016.1_2" -context "software_version_and_target_device"
# webtalk_add_data -client project -key project_iteration -value "2" -context "software_version_and_target_device"
# webtalk_add_data -client project -key os_name -value "" -context "user_environment"
# webtalk_add_data -client project -key os_release -value "" -context "user_environment"
# webtalk_add_data -client project -key cpu_name -value "" -context "user_environment"
# webtalk_add_data -client project -key cpu_speed -value "" -context "user_environment"
# webtalk_add_data -client project -key total_processors -value "" -context "user_environment"
# webtalk_add_data -client project -key system_ram -value "" -context "user_environment"
# webtalk_register_client -client sdk
# webtalk_add_data -client sdk -key uid -value "1493545018000" -context "sdk\\\\bsp/1493545018000"
# webtalk_add_data -client sdk -key hwid -value "1493534558000" -context "sdk\\\\bsp/1493545018000"
# webtalk_add_data -client sdk -key os -value "standalone" -context "sdk\\\\bsp/1493545018000"
# webtalk_add_data -client sdk -key apptemplate -value "zynq_fsbl" -context "sdk\\\\bsp/1493545018000"
# webtalk_add_data -client sdk -key uid -value "1493545035000" -context "sdk\\\\application/1493545035000"
# webtalk_add_data -client sdk -key hwid -value "1493534558000" -context "sdk\\\\application/1493545035000"
# webtalk_add_data -client sdk -key bspid -value "1493545018000" -context "sdk\\\\application/1493545035000"
# webtalk_add_data -client sdk -key newbsp -value "true" -context "sdk\\\\application/1493545035000"
# webtalk_add_data -client sdk -key os -value "standalone" -context "sdk\\\\application/1493545035000"
# webtalk_add_data -client sdk -key apptemplate -value "zynq_fsbl" -context "sdk\\\\application/1493545035000"
# webtalk_transmit -clientid 3834515788 -regid "" -xml /home/INTRA/chakal/workspace/project/vivado/project.sdk/webtalk/usage_statistics_ext_sdk.xml -html /home/INTRA/chakal/workspace/project/vivado/project.sdk/webtalk/usage_statistics_ext_sdk.html -wdm /home/INTRA/chakal/workspace/project/vivado/project.sdk/webtalk/sdk_webtalk.wdm -intro "<H3>SDK Usage Report</H3><BR>"
# webtalk_terminate
INFO: [Common 17-206] Exiting Webtalk at Mon May  1 11:51:41 2017...
