Copyright 1986-2016 Xilinx, Inc. All Rights Reserved.
-------------------------------------------------------------------------------------------------------------------------------------------------------------------
| Tool Version     : Vivado v.2016.1 (lin64) Build 1538259 Fri Apr  8 15:45:23 MDT 2016
| Date             : Thu May 11 01:44:52 2017
| Host             : lx26 running 64-bit SUSE Linux Enterprise Desktop 11 (x86_64)
| Command          : report_power -file project_wrapper_power_routed.rpt -pb project_wrapper_power_summary_routed.pb -rpx project_wrapper_power_routed.rpx
| Design           : project_wrapper
| Device           : xc7z020clg484-1
| Design State     : routed
| Grade            : commercial
| Process          : typical
| Characterization : Production
-------------------------------------------------------------------------------------------------------------------------------------------------------------------

Power Report

Table of Contents
-----------------
1. Summary
1.1 On-Chip Components
1.2 Power Supply Summary
1.3 Confidence Level
2. Settings
2.1 Environment
2.2 Clock Constraints
3. Detailed Reports
3.1 By Hierarchy

1. Summary
----------

+--------------------------+-------+
| Total On-Chip Power (W)  | 1.925 |
| Dynamic (W)              | 1.759 |
| Device Static (W)        | 0.166 |
| Effective TJA (C/W)      | 11.5  |
| Max Ambient (C)          | 62.8  |
| Junction Temperature (C) | 47.2  |
| Confidence Level         | Low   |
| Setting File             | ---   |
| Simulation Activity File | ---   |
| Design Nets Matched      | NA    |
+--------------------------+-------+


1.1 On-Chip Components
----------------------

+-------------------------+-----------+----------+-----------+-----------------+
| On-Chip                 | Power (W) | Used     | Available | Utilization (%) |
+-------------------------+-----------+----------+-----------+-----------------+
| Clocks                  |     0.039 |        5 |       --- |             --- |
| Slice Logic             |     0.031 |    28810 |       --- |             --- |
|   LUT as Logic          |     0.027 |    10341 |     53200 |           19.44 |
|   CARRY4                |     0.002 |      638 |     13300 |            4.80 |
|   Register              |     0.002 |    14674 |    106400 |           13.79 |
|   LUT as Shift Register |    <0.001 |       74 |     17400 |            0.43 |
|   F7/F8 Muxes           |    <0.001 |      300 |     53200 |            0.56 |
|   BUFG                  |    <0.001 |       12 |        32 |           37.50 |
|   Others                |     0.000 |      304 |       --- |             --- |
| Signals                 |     0.035 |    23030 |       --- |             --- |
| Block RAM               |    <0.001 |        1 |       140 |            0.71 |
| MMCM                    |     0.121 |        1 |         4 |           25.00 |
| I/O                     |     0.004 |       31 |       200 |           15.50 |
| PS7                     |     1.529 |        1 |       --- |             --- |
| Static Power            |     0.166 |          |           |                 |
| Total                   |     1.925 |          |           |                 |
+-------------------------+-----------+----------+-----------+-----------------+


1.2 Power Supply Summary
------------------------

+-----------+-------------+-----------+-------------+------------+
| Source    | Voltage (V) | Total (A) | Dynamic (A) | Static (A) |
+-----------+-------------+-----------+-------------+------------+
| Vccint    |       1.000 |     0.122 |       0.106 |      0.017 |
| Vccaux    |       1.800 |     0.088 |       0.067 |      0.021 |
| Vcco33    |       3.300 |     0.002 |       0.001 |      0.001 |
| Vcco25    |       2.500 |     0.001 |       0.000 |      0.001 |
| Vcco18    |       1.800 |     0.001 |       0.000 |      0.001 |
| Vcco15    |       1.500 |     0.001 |       0.000 |      0.001 |
| Vcco135   |       1.350 |     0.000 |       0.000 |      0.000 |
| Vcco12    |       1.200 |     0.000 |       0.000 |      0.000 |
| Vccaux_io |       1.800 |     0.000 |       0.000 |      0.000 |
| Vccbram   |       1.000 |     0.001 |       0.000 |      0.001 |
| MGTAVcc   |       1.000 |     0.000 |       0.000 |      0.000 |
| MGTAVtt   |       1.200 |     0.000 |       0.000 |      0.000 |
| MGTVccaux |       1.800 |     0.000 |       0.000 |      0.000 |
| Vccpint   |       1.000 |     0.751 |       0.718 |      0.033 |
| Vccpaux   |       1.800 |     0.061 |       0.051 |      0.010 |
| Vccpll    |       1.800 |     0.017 |       0.014 |      0.003 |
| Vcco_ddr  |       1.500 |     0.459 |       0.457 |      0.002 |
| Vcco_mio0 |       3.300 |     0.003 |       0.002 |      0.001 |
| Vcco_mio1 |       1.800 |     0.003 |       0.002 |      0.001 |
| Vccadc    |       1.800 |     0.020 |       0.000 |      0.020 |
+-----------+-------------+-----------+-------------+------------+


1.3 Confidence Level
--------------------

+-----------------------------+------------+--------------------------------------------------------+------------------------------------------------------------------------------------------------------------+
| User Input Data             | Confidence | Details                                                | Action                                                                                                     |
+-----------------------------+------------+--------------------------------------------------------+------------------------------------------------------------------------------------------------------------+
| Design implementation state | High       | Design is routed                                       |                                                                                                            |
| Clock nodes activity        | High       | User specified more than 95% of clocks                 |                                                                                                            |
| I/O nodes activity          | Low        | More than 75% of inputs are missing user specification | Provide missing input activity with simulation results or by editing the "By Resource Type -> I/Os" view   |
| Internal nodes activity     | Medium     | User specified less than 25% of internal nodes         | Provide missing internal nodes activity with simulation results or by editing the "By Resource Type" views |
| Device models               | High       | Device models are Production                           |                                                                                                            |
|                             |            |                                                        |                                                                                                            |
| Overall confidence level    | Low        |                                                        |                                                                                                            |
+-----------------------------+------------+--------------------------------------------------------+------------------------------------------------------------------------------------------------------------+


2. Settings
-----------

2.1 Environment
---------------

+-----------------------+------------------------+
| Ambient Temp (C)      | 25.0                   |
| ThetaJA (C/W)         | 11.5                   |
| Airflow (LFM)         | 250                    |
| Heat Sink             | none                   |
| ThetaSA (C/W)         | 0.0                    |
| Board Selection       | medium (10"x10")       |
| # of Board Layers     | 8to11 (8 to 11 Layers) |
| Board Temperature (C) | 25.0                   |
+-----------------------+------------------------+


2.2 Clock Constraints
---------------------

+-------------------+------------------------------------------------------------+-----------------+
| Clock             | Domain                                                     | Constraint (ns) |
+-------------------+------------------------------------------------------------+-----------------+
| clk_feedback      | project_i/zed_audio_0/U0/i_clocking/clk_feedback           |            50.0 |
| clk_fpga_0        | project_i/processing_system7_0/inst/FCLK_CLK_unbuffered[0] |            10.0 |
| zed_audio_clk_48M | project_i/zed_audio_0/U0/i_clocking/zed_audio_clk_48M      |            20.8 |
+-------------------+------------------------------------------------------------+-----------------+


3. Detailed Reports
-------------------

3.1 By Hierarchy
----------------

+------------------------------------------------------+-----------+
| Name                                                 | Power (W) |
+------------------------------------------------------+-----------+
| project_wrapper                                      |     1.759 |
|   project_i                                          |     1.755 |
|     FILTER_IIR_0                                     |     0.033 |
|       U0                                             |     0.033 |
|         FILTER_IIR_v1_0_S00_AXI_inst                 |     0.033 |
|           Filter_Top_Level_inst                      |     0.031 |
|             IIR_BP_L                                 |     0.005 |
|               mul                                    |     0.003 |
|             IIR_BP_R                                 |     0.005 |
|               mul                                    |     0.003 |
|             IIR_HP_L                                 |     0.005 |
|               mul                                    |     0.003 |
|             IIR_HP_R                                 |     0.005 |
|               mul                                    |     0.003 |
|             IIR_LP_L                                 |     0.005 |
|               mul                                    |     0.003 |
|             IIR_LP_R                                 |     0.005 |
|               mul                                    |     0.003 |
|     FILTER_IIR_1                                     |     0.033 |
|       U0                                             |     0.033 |
|         FILTER_IIR_v1_0_S00_AXI_inst                 |     0.033 |
|           Filter_Top_Level_inst                      |     0.031 |
|             IIR_BP_L                                 |     0.005 |
|               mul                                    |     0.003 |
|             IIR_BP_R                                 |     0.005 |
|               mul                                    |     0.003 |
|             IIR_HP_L                                 |     0.005 |
|               mul                                    |     0.003 |
|             IIR_HP_R                                 |     0.005 |
|               mul                                    |     0.003 |
|             IIR_LP_L                                 |     0.005 |
|               mul                                    |     0.003 |
|             IIR_LP_R                                 |     0.005 |
|               mul                                    |     0.003 |
|     MY_AXI_AUDIO_0                                   |    <0.001 |
|       U0                                             |    <0.001 |
|         MY_AXI_AUDIO_v1_0_S00_AXI_inst               |    <0.001 |
|     Volume_Pregain_0                                 |     0.008 |
|       U0                                             |     0.008 |
|         Volume_Pregain_v1_0_S00_AXI_inst             |     0.008 |
|           Volume_Pregain_Top_Module_inst             |     0.007 |
|             AmplifierFP_L                            |     0.004 |
|               Amp_multiplier                         |     0.004 |
|             AmplifierFP_R                            |     0.003 |
|               Amp_multiplier                         |     0.003 |
|     Volume_Pregain_1                                 |     0.008 |
|       U0                                             |     0.008 |
|         Volume_Pregain_v1_0_S00_AXI_inst             |     0.008 |
|           Volume_Pregain_Top_Module_inst             |     0.008 |
|             AmplifierFP_L                            |     0.004 |
|               Amp_multiplier                         |     0.004 |
|             AmplifierFP_R                            |     0.003 |
|               Amp_multiplier                         |     0.003 |
|     ZedboardOLED_0                                   |     0.009 |
|       inst                                           |     0.009 |
|         ZedboardOLED_v1_0_S00_AXI_inst               |     0.009 |
|           CHAR_LIB_COMP                              |    <0.001 |
|             U0                                       |    <0.001 |
|               inst_blk_mem_gen                       |    <0.001 |
|                 gnbram.gnativebmg.native_blk_mem_gen |    <0.001 |
|                   valid.cstr                         |    <0.001 |
|                     ramloop[0].ram.r                 |    <0.001 |
|                       prim_init.ram                  |    <0.001 |
|           DELAY_COMP                                 |    <0.001 |
|           SPI_COMP                                   |    <0.001 |
|     axi_gpio_0                                       |    <0.001 |
|       U0                                             |    <0.001 |
|         AXI_LITE_IPIF_I                              |    <0.001 |
|           I_SLAVE_ATTACHMENT                         |    <0.001 |
|             I_DECODER                                |    <0.001 |
|         gpio_core_1                                  |    <0.001 |
|           Not_Dual.INPUT_DOUBLE_REGS3                |    <0.001 |
|     axi_gpio_1                                       |    <0.001 |
|       U0                                             |    <0.001 |
|         AXI_LITE_IPIF_I                              |    <0.001 |
|           I_SLAVE_ATTACHMENT                         |    <0.001 |
|             I_DECODER                                |    <0.001 |
|         gpio_core_1                                  |    <0.001 |
|     mixer_0                                          |    <0.001 |
|       U0                                             |    <0.001 |
|     processing_system7_0                             |     1.532 |
|       inst                                           |     1.532 |
|     processing_system7_0_axi_periph                  |     0.004 |
|       s00_couplers                                   |     0.004 |
|         auto_pc                                      |     0.004 |
|           inst                                       |     0.004 |
|             gen_axilite.gen_b2s_conv.axilite_b2s     |     0.004 |
|               RD.ar_channel_0                        |    <0.001 |
|                 ar_cmd_fsm_0                         |    <0.001 |
|                 cmd_translator_0                     |    <0.001 |
|                   incr_cmd_0                         |    <0.001 |
|                   wrap_cmd_0                         |    <0.001 |
|               RD.r_channel_0                         |     0.001 |
|                 rd_data_fifo_0                       |    <0.001 |
|                 transaction_fifo_0                   |    <0.001 |
|               SI_REG                                 |     0.001 |
|                 ar_pipe                              |    <0.001 |
|                 aw_pipe                              |    <0.001 |
|                 b_pipe                               |    <0.001 |
|                 r_pipe                               |    <0.001 |
|               WR.aw_channel_0                        |    <0.001 |
|                 aw_cmd_fsm_0                         |    <0.001 |
|                 cmd_translator_0                     |    <0.001 |
|                   incr_cmd_0                         |    <0.001 |
|                   wrap_cmd_0                         |    <0.001 |
|               WR.b_channel_0                         |    <0.001 |
|                 bid_fifo_0                           |    <0.001 |
|                 bresp_fifo_0                         |    <0.001 |
|       xbar                                           |    <0.001 |
|         inst                                         |    <0.001 |
|           gen_sasd.crossbar_sasd_0                   |    <0.001 |
|             addr_arbiter_inst                        |    <0.001 |
|             gen_decerr.decerr_slave_inst             |    <0.001 |
|             reg_slice_r                              |    <0.001 |
|             splitter_ar                              |    <0.001 |
|             splitter_aw                              |    <0.001 |
|     rst_processing_system7_0_100M                    |    <0.001 |
|       U0                                             |    <0.001 |
|         EXT_LPF                                      |    <0.001 |
|           ACTIVE_LOW_EXT.ACT_LO_EXT                  |    <0.001 |
|         SEQ                                          |    <0.001 |
|           SEQ_COUNTER                                |    <0.001 |
|     xlconcat_0                                       |     0.000 |
|     xlconcat_1                                       |     0.000 |
|     xlconcat_2                                       |     0.000 |
|     xlconstant_0                                     |     0.000 |
|     zed_audio_0                                      |     0.127 |
|       U0                                             |     0.127 |
|         Inst_adau1761_izedboard                      |     0.002 |
|           Inst_i2c                                   |     0.001 |
|             Inst_adau1761_configuraiton_data         |    <0.001 |
|             Inst_i3c2                                |    <0.001 |
|           Inst_i2s_data_interface                    |     0.001 |
|           i_ADAU1761_interface                       |    <0.001 |
|           i_i2s_sda_obuf                             |     0.000 |
|         i_clocking                                   |     0.121 |
+------------------------------------------------------+-----------+


