
*** Running vivado
    with args -log project_wrapper.vdi -applog -m64 -messageDb vivado.pb -mode batch -source project_wrapper.tcl -notrace


****** Vivado v2016.1 (64-bit)
  **** SW Build 1538259 on Fri Apr  8 15:45:23 MDT 2016
  **** IP Build 1537824 on Fri Apr  8 04:28:57 MDT 2016
    ** Copyright 1986-2016 Xilinx, Inc. All Rights Reserved.

source project_wrapper.tcl -notrace
Design is defaulting to srcset: sources_1
Design is defaulting to constrset: constrs_1
INFO: [Netlist 29-17] Analyzing 650 Unisim elements for replacement
INFO: [Netlist 29-28] Unisim Transformation completed in 0 CPU seconds
INFO: [Project 1-479] Netlist was created with Vivado 2016.1
INFO: [Device 21-403] Loading part xc7z020clg484-1
INFO: [Project 1-570] Preparing netlist for logic optimization
Parsing XDC File [/home/INTRA/chakal/workspace/project/vivado/project.srcs/sources_1/bd/project/ip/project_processing_system7_0_0/project_processing_system7_0_0.xdc] for cell 'project_i/processing_system7_0/inst'
Finished Parsing XDC File [/home/INTRA/chakal/workspace/project/vivado/project.srcs/sources_1/bd/project/ip/project_processing_system7_0_0/project_processing_system7_0_0.xdc] for cell 'project_i/processing_system7_0/inst'
Parsing XDC File [/home/INTRA/chakal/workspace/project/vivado/project.srcs/sources_1/bd/project/ip/project_rst_processing_system7_0_100M_0/project_rst_processing_system7_0_100M_0_board.xdc] for cell 'project_i/rst_processing_system7_0_100M/U0'
Finished Parsing XDC File [/home/INTRA/chakal/workspace/project/vivado/project.srcs/sources_1/bd/project/ip/project_rst_processing_system7_0_100M_0/project_rst_processing_system7_0_100M_0_board.xdc] for cell 'project_i/rst_processing_system7_0_100M/U0'
Parsing XDC File [/home/INTRA/chakal/workspace/project/vivado/project.srcs/sources_1/bd/project/ip/project_rst_processing_system7_0_100M_0/project_rst_processing_system7_0_100M_0.xdc] for cell 'project_i/rst_processing_system7_0_100M/U0'
Finished Parsing XDC File [/home/INTRA/chakal/workspace/project/vivado/project.srcs/sources_1/bd/project/ip/project_rst_processing_system7_0_100M_0/project_rst_processing_system7_0_100M_0.xdc] for cell 'project_i/rst_processing_system7_0_100M/U0'
Parsing XDC File [/home/INTRA/chakal/workspace/project/vivado/project.srcs/sources_1/bd/project/ip/project_axi_gpio_0_0_1/project_axi_gpio_0_0_board.xdc] for cell 'project_i/axi_gpio_0/U0'
Finished Parsing XDC File [/home/INTRA/chakal/workspace/project/vivado/project.srcs/sources_1/bd/project/ip/project_axi_gpio_0_0_1/project_axi_gpio_0_0_board.xdc] for cell 'project_i/axi_gpio_0/U0'
Parsing XDC File [/home/INTRA/chakal/workspace/project/vivado/project.srcs/sources_1/bd/project/ip/project_axi_gpio_0_0_1/project_axi_gpio_0_0.xdc] for cell 'project_i/axi_gpio_0/U0'
Finished Parsing XDC File [/home/INTRA/chakal/workspace/project/vivado/project.srcs/sources_1/bd/project/ip/project_axi_gpio_0_0_1/project_axi_gpio_0_0.xdc] for cell 'project_i/axi_gpio_0/U0'
Parsing XDC File [/home/INTRA/chakal/workspace/project/vivado/project.srcs/sources_1/bd/project/ip/project_axi_gpio_1_0/project_axi_gpio_1_0_board.xdc] for cell 'project_i/axi_gpio_1/U0'
Finished Parsing XDC File [/home/INTRA/chakal/workspace/project/vivado/project.srcs/sources_1/bd/project/ip/project_axi_gpio_1_0/project_axi_gpio_1_0_board.xdc] for cell 'project_i/axi_gpio_1/U0'
Parsing XDC File [/home/INTRA/chakal/workspace/project/vivado/project.srcs/sources_1/bd/project/ip/project_axi_gpio_1_0/project_axi_gpio_1_0.xdc] for cell 'project_i/axi_gpio_1/U0'
Finished Parsing XDC File [/home/INTRA/chakal/workspace/project/vivado/project.srcs/sources_1/bd/project/ip/project_axi_gpio_1_0/project_axi_gpio_1_0.xdc] for cell 'project_i/axi_gpio_1/U0'
Parsing XDC File [/home/INTRA/chakal/workspace/project/ip_repo/zedboard_audio/constraints/zed_audio.xdc]
Finished Parsing XDC File [/home/INTRA/chakal/workspace/project/ip_repo/zedboard_audio/constraints/zed_audio.xdc]
INFO: [Opt 31-138] Pushed 0 inverter(s) to 0 load pin(s).
INFO: [Project 1-111] Unisim Transformation Summary:
  A total of 1 instances were transformed.
  IOBUF => IOBUF (IBUF, OBUFT): 1 instances

link_design: Time (s): cpu = 00:00:10 ; elapsed = 00:00:10 . Memory (MB): peak = 1317.258 ; gain = 363.496 ; free physical = 2542 ; free virtual = 6968
Command: opt_design
Attempting to get a license for feature 'Implementation' and/or device 'xc7z020'
INFO: [Common 17-349] Got license for feature 'Implementation' and/or device 'xc7z020'
Running DRC as a precondition to command opt_design

Starting DRC Task
INFO: [DRC 23-27] Running DRC with 8 threads
INFO: [Project 1-461] DRC finished with 0 Errors
INFO: [Project 1-462] Please refer to the DRC report (report_drc) for more information.

Time (s): cpu = 00:00:00.37 ; elapsed = 00:00:00.33 . Memory (MB): peak = 1381.289 ; gain = 64.020 ; free physical = 2538 ; free virtual = 6965
INFO: [Timing 38-35] Done setting XDC timing constraints.
INFO: [Timing 38-2] Deriving generated clocks

Starting Logic Optimization Task
Implement Debug Cores | Checksum: 19ca29e2a

Phase 1 Retarget
INFO: [Opt 31-138] Pushed 0 inverter(s) to 0 load pin(s).
INFO: [Opt 31-49] Retargeted 0 cell(s).
Phase 1 Retarget | Checksum: 17d9fdfee

Time (s): cpu = 00:00:03 ; elapsed = 00:00:03 . Memory (MB): peak = 1806.781 ; gain = 0.000 ; free physical = 2170 ; free virtual = 6601

Phase 2 Constant Propagation
INFO: [Opt 31-138] Pushed 0 inverter(s) to 0 load pin(s).
INFO: [Opt 31-10] Eliminated 62 cells.
Phase 2 Constant Propagation | Checksum: 200cf02b9

Time (s): cpu = 00:00:06 ; elapsed = 00:00:06 . Memory (MB): peak = 1806.781 ; gain = 0.000 ; free physical = 2169 ; free virtual = 6600

Phase 3 Sweep
INFO: [Opt 31-12] Eliminated 2045 unconnected nets.
INFO: [Opt 31-11] Eliminated 213 unconnected cells.
Phase 3 Sweep | Checksum: 1b7417c62

Time (s): cpu = 00:00:08 ; elapsed = 00:00:08 . Memory (MB): peak = 1806.781 ; gain = 0.000 ; free physical = 2169 ; free virtual = 6601

Starting Connectivity Check Task

Time (s): cpu = 00:00:00.06 ; elapsed = 00:00:00.06 . Memory (MB): peak = 1806.781 ; gain = 0.000 ; free physical = 2169 ; free virtual = 6601
Ending Logic Optimization Task | Checksum: 1b7417c62

Time (s): cpu = 00:00:08 ; elapsed = 00:00:08 . Memory (MB): peak = 1806.781 ; gain = 0.000 ; free physical = 2169 ; free virtual = 6601

Starting Power Optimization Task
INFO: [Pwropt 34-132] Skipping clock gating for clocks with a period < 2.00 ns.
INFO: [Pwropt 34-9] Applying IDT optimizations ...
INFO: [Pwropt 34-10] Applying ODC optimizations ...
INFO: [Timing 38-35] Done setting XDC timing constraints.
Running Vector-less Activity Propagation...

Finished Running Vector-less Activity Propagation


Starting PowerOpt Patch Enables Task
INFO: [Pwropt 34-162] WRITE_MODE attribute of 0 BRAM(s) out of a total of 2 has been updated to save power. Run report_power_opt to get a complete listing of the BRAMs updated.
INFO: [Pwropt 34-201] Structural ODC has moved 0 WE to EN ports
Number of BRAM Ports augmented: 0 newly gated: 2 Total Ports: 4
Number of Flops added for Enable Generation: 1

Ending PowerOpt Patch Enables Task | Checksum: 2480e5b3a

Time (s): cpu = 00:00:00.06 ; elapsed = 00:00:00.06 . Memory (MB): peak = 2162.977 ; gain = 0.000 ; free physical = 2005 ; free virtual = 6436
Ending Power Optimization Task | Checksum: 2480e5b3a

Time (s): cpu = 00:00:09 ; elapsed = 00:00:03 . Memory (MB): peak = 2162.977 ; gain = 356.195 ; free physical = 2005 ; free virtual = 6436
INFO: [Common 17-83] Releasing license: Implementation
26 Infos, 0 Warnings, 0 Critical Warnings and 0 Errors encountered.
opt_design completed successfully
opt_design: Time (s): cpu = 00:00:30 ; elapsed = 00:00:21 . Memory (MB): peak = 2162.977 ; gain = 845.707 ; free physical = 2005 ; free virtual = 6436
Writing placer database...
Writing XDEF routing.
Writing XDEF routing logical nets.
Writing XDEF routing special nets.
Write XDEF Complete: Time (s): cpu = 00:00:00.16 ; elapsed = 00:00:00.04 . Memory (MB): peak = 2162.977 ; gain = 0.000 ; free physical = 2002 ; free virtual = 6436
INFO: [DRC 23-27] Running DRC with 8 threads
INFO: [Coretcl 2-168] The results of DRC are in file /home/INTRA/chakal/workspace/project/vivado/project.runs/impl_1/project_wrapper_drc_opted.rpt.
INFO: [Chipscope 16-241] No debug cores found in the current design.
Before running the implement_debug_core command, either use the Set Up Debug wizard (GUI mode)
or use the create_debug_core and connect_debug_core Tcl commands to insert debug cores into the design.
Command: place_design
Attempting to get a license for feature 'Implementation' and/or device 'xc7z020'
INFO: [Common 17-349] Got license for feature 'Implementation' and/or device 'xc7z020'
INFO: [DRC 23-27] Running DRC with 8 threads
INFO: [Vivado_Tcl 4-198] DRC finished with 0 Errors
INFO: [Vivado_Tcl 4-199] Please refer to the DRC report (report_drc) for more information.
Running DRC as a precondition to command place_design
INFO: [DRC 23-27] Running DRC with 8 threads
INFO: [Vivado_Tcl 4-198] DRC finished with 0 Errors
INFO: [Vivado_Tcl 4-199] Please refer to the DRC report (report_drc) for more information.

Starting Placer Task
INFO: [Place 30-611] Multithreading enabled for place_design using a maximum of 8 CPUs

Phase 1 Placer Initialization
Netlist sorting complete. Time (s): cpu = 00:00:00.02 ; elapsed = 00:00:00.03 . Memory (MB): peak = 2162.977 ; gain = 0.000 ; free physical = 1998 ; free virtual = 6433
INFO: [Timing 38-35] Done setting XDC timing constraints.
INFO: [Opt 31-138] Pushed 0 inverter(s) to 0 load pin(s).
Netlist sorting complete. Time (s): cpu = 00:00:00.03 ; elapsed = 00:00:00.02 . Memory (MB): peak = 2162.977 ; gain = 0.000 ; free physical = 1994 ; free virtual = 6429

Phase 1.1 IO Placement/ Clock Placement/ Build Placer Device

Phase 1.1.1 Pre-Place Cells
Phase 1.1.1 Pre-Place Cells | Checksum: c60a11fd

Time (s): cpu = 00:00:03 ; elapsed = 00:00:01 . Memory (MB): peak = 2162.977 ; gain = 0.000 ; free physical = 1994 ; free virtual = 6429
WARNING: [Place 30-879] Found overlapping PBlocks. The use of overlapping PBlocks is not recommended as it may lead to legalization errors or unplaced instances.
WARNING: [Place 30-12] An IO Bus FIXED_IO_mio with more than one IO standard is found. Components associated with this bus are: 
	FIXED_IO_mio[53] of IOStandard LVCMOS18
	FIXED_IO_mio[52] of IOStandard LVCMOS18
	FIXED_IO_mio[51] of IOStandard LVCMOS18
	FIXED_IO_mio[50] of IOStandard LVCMOS18
	FIXED_IO_mio[49] of IOStandard LVCMOS18
	FIXED_IO_mio[48] of IOStandard LVCMOS18
	FIXED_IO_mio[47] of IOStandard LVCMOS18
	FIXED_IO_mio[46] of IOStandard LVCMOS18
	FIXED_IO_mio[45] of IOStandard LVCMOS18
	FIXED_IO_mio[44] of IOStandard LVCMOS18
	FIXED_IO_mio[43] of IOStandard LVCMOS18
	FIXED_IO_mio[42] of IOStandard LVCMOS18
	FIXED_IO_mio[41] of IOStandard LVCMOS18
	FIXED_IO_mio[40] of IOStandard LVCMOS18
	FIXED_IO_mio[39] of IOStandard LVCMOS18
	FIXED_IO_mio[38] of IOStandard LVCMOS18
	FIXED_IO_mio[37] of IOStandard LVCMOS18
	FIXED_IO_mio[36] of IOStandard LVCMOS18
	FIXED_IO_mio[35] of IOStandard LVCMOS18
	FIXED_IO_mio[34] of IOStandard LVCMOS18
	FIXED_IO_mio[33] of IOStandard LVCMOS18
	FIXED_IO_mio[32] of IOStandard LVCMOS18
	FIXED_IO_mio[31] of IOStandard LVCMOS18
	FIXED_IO_mio[30] of IOStandard LVCMOS18
	FIXED_IO_mio[29] of IOStandard LVCMOS18
	FIXED_IO_mio[28] of IOStandard LVCMOS18
	FIXED_IO_mio[27] of IOStandard LVCMOS18
	FIXED_IO_mio[26] of IOStandard LVCMOS18
	FIXED_IO_mio[25] of IOStandard LVCMOS18
	FIXED_IO_mio[24] of IOStandard LVCMOS18
	FIXED_IO_mio[23] of IOStandard LVCMOS18
	FIXED_IO_mio[22] of IOStandard LVCMOS18
	FIXED_IO_mio[21] of IOStandard LVCMOS18
	FIXED_IO_mio[20] of IOStandard LVCMOS18
	FIXED_IO_mio[19] of IOStandard LVCMOS18
	FIXED_IO_mio[18] of IOStandard LVCMOS18
	FIXED_IO_mio[17] of IOStandard LVCMOS18
	FIXED_IO_mio[16] of IOStandard LVCMOS18
	FIXED_IO_mio[15] of IOStandard LVCMOS33
	FIXED_IO_mio[14] of IOStandard LVCMOS33
	FIXED_IO_mio[13] of IOStandard LVCMOS33
	FIXED_IO_mio[12] of IOStandard LVCMOS33
	FIXED_IO_mio[11] of IOStandard LVCMOS33
	FIXED_IO_mio[10] of IOStandard LVCMOS33
	FIXED_IO_mio[9] of IOStandard LVCMOS33
	FIXED_IO_mio[8] of IOStandard LVCMOS33
	FIXED_IO_mio[7] of IOStandard LVCMOS33
	FIXED_IO_mio[6] of IOStandard LVCMOS33
	FIXED_IO_mio[5] of IOStandard LVCMOS33
	FIXED_IO_mio[4] of IOStandard LVCMOS33
	FIXED_IO_mio[3] of IOStandard LVCMOS33
	FIXED_IO_mio[2] of IOStandard LVCMOS33
	FIXED_IO_mio[1] of IOStandard LVCMOS33
	FIXED_IO_mio[0] of IOStandard LVCMOS33
INFO: [Timing 38-35] Done setting XDC timing constraints.

Phase 1.1.2 IO and Clk Clean Up
Phase 1.1.2 IO and Clk Clean Up | Checksum: c60a11fd

Time (s): cpu = 00:00:11 ; elapsed = 00:00:08 . Memory (MB): peak = 2162.977 ; gain = 0.000 ; free physical = 1994 ; free virtual = 6429

Phase 1.1.3 Implementation Feasibility check On IDelay
Phase 1.1.3 Implementation Feasibility check On IDelay | Checksum: c60a11fd

Time (s): cpu = 00:00:12 ; elapsed = 00:00:08 . Memory (MB): peak = 2162.977 ; gain = 0.000 ; free physical = 1994 ; free virtual = 6429

Phase 1.1.4 Commit IO Placement
Phase 1.1.4 Commit IO Placement | Checksum: a495160a

Time (s): cpu = 00:00:12 ; elapsed = 00:00:08 . Memory (MB): peak = 2162.977 ; gain = 0.000 ; free physical = 1994 ; free virtual = 6429
Phase 1.1 IO Placement/ Clock Placement/ Build Placer Device | Checksum: e2362d19

Time (s): cpu = 00:00:12 ; elapsed = 00:00:08 . Memory (MB): peak = 2162.977 ; gain = 0.000 ; free physical = 1994 ; free virtual = 6429

Phase 1.2 Build Placer Netlist Model

Phase 1.2.1 Place Init Design

Phase 1.2.1.1 Init Lut Pin Assignment
Phase 1.2.1.1 Init Lut Pin Assignment | Checksum: ec91a53c

Time (s): cpu = 00:00:12 ; elapsed = 00:00:09 . Memory (MB): peak = 2162.977 ; gain = 0.000 ; free physical = 1987 ; free virtual = 6422
Phase 1.2.1 Place Init Design | Checksum: 139a62396

Time (s): cpu = 00:00:28 ; elapsed = 00:00:13 . Memory (MB): peak = 2162.977 ; gain = 0.000 ; free physical = 1977 ; free virtual = 6412
Phase 1.2 Build Placer Netlist Model | Checksum: 139a62396

Time (s): cpu = 00:00:28 ; elapsed = 00:00:13 . Memory (MB): peak = 2162.977 ; gain = 0.000 ; free physical = 1977 ; free virtual = 6412

Phase 1.3 Constrain Clocks/Macros
Phase 1.3 Constrain Clocks/Macros | Checksum: 139a62396

Time (s): cpu = 00:00:28 ; elapsed = 00:00:13 . Memory (MB): peak = 2162.977 ; gain = 0.000 ; free physical = 1977 ; free virtual = 6412
Phase 1 Placer Initialization | Checksum: 139a62396

Time (s): cpu = 00:00:28 ; elapsed = 00:00:13 . Memory (MB): peak = 2162.977 ; gain = 0.000 ; free physical = 1977 ; free virtual = 6412

Phase 2 Global Placement
Phase 2 Global Placement | Checksum: 11310817d

Time (s): cpu = 00:01:09 ; elapsed = 00:00:32 . Memory (MB): peak = 2162.977 ; gain = 0.000 ; free physical = 1974 ; free virtual = 6408

Phase 3 Detail Placement

Phase 3.1 Commit Multi Column Macros
Phase 3.1 Commit Multi Column Macros | Checksum: 11310817d

Time (s): cpu = 00:01:10 ; elapsed = 00:00:32 . Memory (MB): peak = 2162.977 ; gain = 0.000 ; free physical = 1974 ; free virtual = 6408

Phase 3.2 Commit Most Macros & LUTRAMs
Phase 3.2 Commit Most Macros & LUTRAMs | Checksum: 1304d224a

Time (s): cpu = 00:01:23 ; elapsed = 00:00:36 . Memory (MB): peak = 2162.977 ; gain = 0.000 ; free physical = 1974 ; free virtual = 6409

Phase 3.3 Area Swap Optimization
Phase 3.3 Area Swap Optimization | Checksum: 15a611294

Time (s): cpu = 00:01:23 ; elapsed = 00:00:37 . Memory (MB): peak = 2162.977 ; gain = 0.000 ; free physical = 1974 ; free virtual = 6409

Phase 3.4 updateClock Trees: DP
Phase 3.4 updateClock Trees: DP | Checksum: 15a611294

Time (s): cpu = 00:01:23 ; elapsed = 00:00:37 . Memory (MB): peak = 2162.977 ; gain = 0.000 ; free physical = 1974 ; free virtual = 6409

Phase 3.5 Timing Path Optimizer
Phase 3.5 Timing Path Optimizer | Checksum: 141cd3068

Time (s): cpu = 00:01:27 ; elapsed = 00:00:38 . Memory (MB): peak = 2162.977 ; gain = 0.000 ; free physical = 1974 ; free virtual = 6409

Phase 3.6 Fast Optimization
Phase 3.6 Fast Optimization | Checksum: fa251206

Time (s): cpu = 00:01:28 ; elapsed = 00:00:38 . Memory (MB): peak = 2162.977 ; gain = 0.000 ; free physical = 1973 ; free virtual = 6408

Phase 3.7 Small Shape Detail Placement
Phase 3.7 Small Shape Detail Placement | Checksum: d477b34a

Time (s): cpu = 00:01:35 ; elapsed = 00:00:45 . Memory (MB): peak = 2162.977 ; gain = 0.000 ; free physical = 1972 ; free virtual = 6406

Phase 3.8 Re-assign LUT pins
Phase 3.8 Re-assign LUT pins | Checksum: aa191088

Time (s): cpu = 00:01:36 ; elapsed = 00:00:46 . Memory (MB): peak = 2162.977 ; gain = 0.000 ; free physical = 1972 ; free virtual = 6407

Phase 3.9 Pipeline Register Optimization
Phase 3.9 Pipeline Register Optimization | Checksum: aa191088

Time (s): cpu = 00:01:36 ; elapsed = 00:00:46 . Memory (MB): peak = 2162.977 ; gain = 0.000 ; free physical = 1972 ; free virtual = 6407

Phase 3.10 Fast Optimization
Phase 3.10 Fast Optimization | Checksum: 8ab55999

Time (s): cpu = 00:01:46 ; elapsed = 00:00:49 . Memory (MB): peak = 2162.977 ; gain = 0.000 ; free physical = 1972 ; free virtual = 6406
Phase 3 Detail Placement | Checksum: 8ab55999

Time (s): cpu = 00:01:46 ; elapsed = 00:00:50 . Memory (MB): peak = 2162.977 ; gain = 0.000 ; free physical = 1971 ; free virtual = 6406

Phase 4 Post Placement Optimization and Clean-Up

Phase 4.1 Post Commit Optimization
INFO: [Timing 38-35] Done setting XDC timing constraints.

Phase 4.1.1 updateClock Trees: PCOPT
Phase 4.1.1 updateClock Trees: PCOPT | Checksum: f6c5de96

Time (s): cpu = 00:02:02 ; elapsed = 00:00:53 . Memory (MB): peak = 2162.977 ; gain = 0.000 ; free physical = 1949 ; free virtual = 6383

Phase 4.1.2 Post Placement Optimization
INFO: [Place 30-746] Post Placement Timing Summary WNS=-4.743. For the most accurate timing information please run report_timing.
Phase 4.1.2 Post Placement Optimization | Checksum: 1a4ac30a4

Time (s): cpu = 00:02:06 ; elapsed = 00:00:58 . Memory (MB): peak = 2162.977 ; gain = 0.000 ; free physical = 1948 ; free virtual = 6383
Phase 4.1 Post Commit Optimization | Checksum: 1a4ac30a4

Time (s): cpu = 00:02:06 ; elapsed = 00:00:58 . Memory (MB): peak = 2162.977 ; gain = 0.000 ; free physical = 1948 ; free virtual = 6383

Phase 4.2 Sweep Clock Roots: Post-Placement
Phase 4.2 Sweep Clock Roots: Post-Placement | Checksum: 1a4ac30a4

Time (s): cpu = 00:02:06 ; elapsed = 00:00:58 . Memory (MB): peak = 2162.977 ; gain = 0.000 ; free physical = 1948 ; free virtual = 6383

Phase 4.3 Post Placement Cleanup
Phase 4.3 Post Placement Cleanup | Checksum: 1a4ac30a4

Time (s): cpu = 00:02:06 ; elapsed = 00:00:58 . Memory (MB): peak = 2162.977 ; gain = 0.000 ; free physical = 1948 ; free virtual = 6383

Phase 4.4 Placer Reporting
Phase 4.4 Placer Reporting | Checksum: 1a4ac30a4

Time (s): cpu = 00:02:07 ; elapsed = 00:00:58 . Memory (MB): peak = 2162.977 ; gain = 0.000 ; free physical = 1948 ; free virtual = 6383

Phase 4.5 Final Placement Cleanup
Phase 4.5 Final Placement Cleanup | Checksum: 22879dd4e

Time (s): cpu = 00:02:07 ; elapsed = 00:00:59 . Memory (MB): peak = 2162.977 ; gain = 0.000 ; free physical = 1948 ; free virtual = 6383
Phase 4 Post Placement Optimization and Clean-Up | Checksum: 22879dd4e

Time (s): cpu = 00:02:07 ; elapsed = 00:00:59 . Memory (MB): peak = 2162.977 ; gain = 0.000 ; free physical = 1948 ; free virtual = 6383
Ending Placer Task | Checksum: 158b830b1

Time (s): cpu = 00:02:07 ; elapsed = 00:00:59 . Memory (MB): peak = 2162.977 ; gain = 0.000 ; free physical = 1948 ; free virtual = 6383
INFO: [Common 17-83] Releasing license: Implementation
43 Infos, 2 Warnings, 0 Critical Warnings and 0 Errors encountered.
place_design completed successfully
place_design: Time (s): cpu = 00:02:10 ; elapsed = 00:01:01 . Memory (MB): peak = 2162.977 ; gain = 0.000 ; free physical = 1948 ; free virtual = 6383
Writing placer database...
Writing XDEF routing.
Writing XDEF routing logical nets.
Writing XDEF routing special nets.
Write XDEF Complete: Time (s): cpu = 00:00:05 ; elapsed = 00:00:02 . Memory (MB): peak = 2162.977 ; gain = 0.000 ; free physical = 1918 ; free virtual = 6383
report_io: Time (s): cpu = 00:00:00.12 ; elapsed = 00:00:00.17 . Memory (MB): peak = 2162.977 ; gain = 0.000 ; free physical = 1941 ; free virtual = 6382
report_utilization: Time (s): cpu = 00:00:00.19 ; elapsed = 00:00:00.23 . Memory (MB): peak = 2162.977 ; gain = 0.000 ; free physical = 1941 ; free virtual = 6381
report_control_sets: Time (s): cpu = 00:00:00.09 ; elapsed = 00:00:00.11 . Memory (MB): peak = 2162.977 ; gain = 0.000 ; free physical = 1941 ; free virtual = 6381
Command: route_design
Attempting to get a license for feature 'Implementation' and/or device 'xc7z020'
INFO: [Common 17-349] Got license for feature 'Implementation' and/or device 'xc7z020'
Running DRC as a precondition to command route_design
INFO: [DRC 23-27] Running DRC with 8 threads
WARNING: [DRC 23-20] Rule violation (PLIO-7) Placement Constraints Check for IO constraints - An IO Bus FIXED_IO_mio[53:0] with more than one IO standard is found. Components associated with this bus are: LVCMOS18 (FIXED_IO_mio[53], FIXED_IO_mio[52], FIXED_IO_mio[51], FIXED_IO_mio[50], FIXED_IO_mio[49], FIXED_IO_mio[48], FIXED_IO_mio[47], FIXED_IO_mio[46], FIXED_IO_mio[45], FIXED_IO_mio[44], FIXED_IO_mio[43], FIXED_IO_mio[42], FIXED_IO_mio[41], FIXED_IO_mio[40], FIXED_IO_mio[39] (the first 15 of 38 listed)); LVCMOS33 (FIXED_IO_mio[15], FIXED_IO_mio[14], FIXED_IO_mio[13], FIXED_IO_mio[12], FIXED_IO_mio[11], FIXED_IO_mio[10], FIXED_IO_mio[9], FIXED_IO_mio[8], FIXED_IO_mio[7], FIXED_IO_mio[6], FIXED_IO_mio[5], FIXED_IO_mio[4], FIXED_IO_mio[3], FIXED_IO_mio[2], FIXED_IO_mio[1] (the first 15 of 16 listed)); 
INFO: [Vivado_Tcl 4-198] DRC finished with 0 Errors, 1 Warnings
INFO: [Vivado_Tcl 4-199] Please refer to the DRC report (report_drc) for more information.


Starting Routing Task
INFO: [Route 35-254] Multithreading enabled for route_design using a maximum of 8 CPUs
Checksum: PlaceDB: 623dec00 ConstDB: 0 ShapeSum: f67a44b1 RouteDB: 0

Phase 1 Build RT Design
Phase 1 Build RT Design | Checksum: 17c0e9722

Time (s): cpu = 00:00:26 ; elapsed = 00:00:19 . Memory (MB): peak = 2162.977 ; gain = 0.000 ; free physical = 1913 ; free virtual = 6354

Phase 2 Router Initialization

Phase 2.1 Create Timer
Phase 2.1 Create Timer | Checksum: 17c0e9722

Time (s): cpu = 00:00:26 ; elapsed = 00:00:19 . Memory (MB): peak = 2162.977 ; gain = 0.000 ; free physical = 1910 ; free virtual = 6351

Phase 2.2 Fix Topology Constraints
Phase 2.2 Fix Topology Constraints | Checksum: 17c0e9722

Time (s): cpu = 00:00:26 ; elapsed = 00:00:20 . Memory (MB): peak = 2162.977 ; gain = 0.000 ; free physical = 1900 ; free virtual = 6341

Phase 2.3 Pre Route Cleanup
Phase 2.3 Pre Route Cleanup | Checksum: 17c0e9722

Time (s): cpu = 00:00:26 ; elapsed = 00:00:20 . Memory (MB): peak = 2162.977 ; gain = 0.000 ; free physical = 1900 ; free virtual = 6341
 Number of Nodes with overlaps = 0

Phase 2.4 Update Timing
Phase 2.4 Update Timing | Checksum: 1d78fd9f9

Time (s): cpu = 00:00:48 ; elapsed = 00:00:26 . Memory (MB): peak = 2162.977 ; gain = 0.000 ; free physical = 1869 ; free virtual = 6310
INFO: [Route 35-416] Intermediate Timing Summary | WNS=-4.679 | TNS=-227.122| WHS=-2.117 | THS=-348.449|

Phase 2 Router Initialization | Checksum: 2a9da3ad2

Time (s): cpu = 00:00:59 ; elapsed = 00:00:28 . Memory (MB): peak = 2162.977 ; gain = 0.000 ; free physical = 1869 ; free virtual = 6310

Phase 3 Initial Routing
Phase 3 Initial Routing | Checksum: 13ca78533

Time (s): cpu = 00:01:18 ; elapsed = 00:00:32 . Memory (MB): peak = 2180.938 ; gain = 17.961 ; free physical = 1747 ; free virtual = 6188

Phase 4 Rip-up And Reroute

Phase 4.1 Global Iteration 0
 Number of Nodes with overlaps = 2613
 Number of Nodes with overlaps = 175
 Number of Nodes with overlaps = 6
 Number of Nodes with overlaps = 1
 Number of Nodes with overlaps = 0

Phase 4.1.1 Update Timing
Phase 4.1.1 Update Timing | Checksum: 25cd05209

Time (s): cpu = 00:02:03 ; elapsed = 00:00:42 . Memory (MB): peak = 2180.938 ; gain = 17.961 ; free physical = 1745 ; free virtual = 6186
INFO: [Route 35-416] Intermediate Timing Summary | WNS=-4.677 | TNS=-460.934| WHS=N/A    | THS=N/A    |


Phase 4.1.2 GlobIterForTiming

Phase 4.1.2.1 Update Timing
Phase 4.1.2.1 Update Timing | Checksum: a6f8ce69

Time (s): cpu = 00:02:04 ; elapsed = 00:00:42 . Memory (MB): peak = 2180.938 ; gain = 17.961 ; free physical = 1745 ; free virtual = 6186

Phase 4.1.2.2 Fast Budgeting
Phase 4.1.2.2 Fast Budgeting | Checksum: bb11e15f

Time (s): cpu = 00:02:04 ; elapsed = 00:00:43 . Memory (MB): peak = 2180.938 ; gain = 17.961 ; free physical = 1745 ; free virtual = 6186
Phase 4.1.2 GlobIterForTiming | Checksum: 17c4c8b68

Time (s): cpu = 00:02:05 ; elapsed = 00:00:44 . Memory (MB): peak = 2180.938 ; gain = 17.961 ; free physical = 1745 ; free virtual = 6186
Phase 4.1 Global Iteration 0 | Checksum: 17c4c8b68

Time (s): cpu = 00:02:05 ; elapsed = 00:00:44 . Memory (MB): peak = 2180.938 ; gain = 17.961 ; free physical = 1745 ; free virtual = 6186

Phase 4.2 Global Iteration 1
 Number of Nodes with overlaps = 1
 Number of Nodes with overlaps = 0

Phase 4.2.1 Update Timing
Phase 4.2.1 Update Timing | Checksum: cb5fbd81

Time (s): cpu = 00:02:05 ; elapsed = 00:00:44 . Memory (MB): peak = 2180.938 ; gain = 17.961 ; free physical = 1745 ; free virtual = 6186
INFO: [Route 35-416] Intermediate Timing Summary | WNS=-4.677 | TNS=-460.934| WHS=N/A    | THS=N/A    |

Phase 4.2 Global Iteration 1 | Checksum: 13890885f

Time (s): cpu = 00:02:06 ; elapsed = 00:00:44 . Memory (MB): peak = 2180.938 ; gain = 17.961 ; free physical = 1745 ; free virtual = 6186
Phase 4 Rip-up And Reroute | Checksum: 13890885f

Time (s): cpu = 00:02:06 ; elapsed = 00:00:44 . Memory (MB): peak = 2180.938 ; gain = 17.961 ; free physical = 1745 ; free virtual = 6186

Phase 5 Delay and Skew Optimization

Phase 5.1 Delay CleanUp

Phase 5.1.1 Update Timing
Phase 5.1.1 Update Timing | Checksum: 8fc20b75

Time (s): cpu = 00:02:09 ; elapsed = 00:00:45 . Memory (MB): peak = 2180.938 ; gain = 17.961 ; free physical = 1745 ; free virtual = 6186
INFO: [Route 35-416] Intermediate Timing Summary | WNS=-4.677 | TNS=-455.142| WHS=N/A    | THS=N/A    |

 Number of Nodes with overlaps = 0
Phase 5.1 Delay CleanUp | Checksum: 16e43b2cd

Time (s): cpu = 00:02:14 ; elapsed = 00:00:46 . Memory (MB): peak = 2180.938 ; gain = 17.961 ; free physical = 1745 ; free virtual = 6186

Phase 5.2 Clock Skew Optimization
Phase 5.2 Clock Skew Optimization | Checksum: 16e43b2cd

Time (s): cpu = 00:02:14 ; elapsed = 00:00:46 . Memory (MB): peak = 2180.938 ; gain = 17.961 ; free physical = 1745 ; free virtual = 6186
Phase 5 Delay and Skew Optimization | Checksum: 16e43b2cd

Time (s): cpu = 00:02:14 ; elapsed = 00:00:46 . Memory (MB): peak = 2180.938 ; gain = 17.961 ; free physical = 1745 ; free virtual = 6186

Phase 6 Post Hold Fix

Phase 6.1 Hold Fix Iter

Phase 6.1.1 Update Timing
Phase 6.1.1 Update Timing | Checksum: 10d1a3c17

Time (s): cpu = 00:02:18 ; elapsed = 00:00:47 . Memory (MB): peak = 2180.938 ; gain = 17.961 ; free physical = 1745 ; free virtual = 6186
INFO: [Route 35-416] Intermediate Timing Summary | WNS=-4.677 | TNS=-370.308| WHS=-0.502 | THS=-2.344 |


Phase 6.1.2 Lut RouteThru Assignment for hold
Phase 6.1.2 Lut RouteThru Assignment for hold | Checksum: 1bd9c6a1c

Time (s): cpu = 00:04:10 ; elapsed = 00:01:38 . Memory (MB): peak = 3887.938 ; gain = 1724.961 ; free physical = 160 ; free virtual = 4485
Phase 6.1 Hold Fix Iter | Checksum: 1bd9c6a1c

Time (s): cpu = 00:04:10 ; elapsed = 00:01:38 . Memory (MB): peak = 3887.938 ; gain = 1724.961 ; free physical = 160 ; free virtual = 4485

Phase 6.2 Additional Hold Fix
INFO: [Route 35-416] Intermediate Timing Summary | WNS=-4.677 | TNS=-370.308| WHS=-0.502 | THS=-2.344 |

Phase 6.2 Additional Hold Fix | Checksum: 218b5dc1a

Time (s): cpu = 00:05:26 ; elapsed = 00:01:51 . Memory (MB): peak = 3887.938 ; gain = 1724.961 ; free physical = 162 ; free virtual = 4487
WARNING: [Route 35-468] The router encountered 48 pins that are both setup-critical and hold-critical and tried to fix hold violations at the expense of setup slack. Such pins are:
	project_i/zed_audio_0/U0/Inst_adau1761_izedboard/Inst_i2s_data_interface/sr_out[40]_i_1/I0
	project_i/zed_audio_0/U0/Inst_adau1761_izedboard/Inst_i2s_data_interface/sr_out[41]_i_1/I0
	project_i/zed_audio_0/U0/Inst_adau1761_izedboard/Inst_i2s_data_interface/sr_out[42]_i_1/I0
	project_i/zed_audio_0/U0/Inst_adau1761_izedboard/Inst_i2s_data_interface/sr_out[43]_i_1/I0
	project_i/zed_audio_0/U0/Inst_adau1761_izedboard/Inst_i2s_data_interface/sr_out[44]_i_1/I0
	project_i/zed_audio_0/U0/Inst_adau1761_izedboard/Inst_i2s_data_interface/sr_out[45]_i_1/I0
	project_i/zed_audio_0/U0/Inst_adau1761_izedboard/Inst_i2s_data_interface/sr_out[46]_i_1/I0
	project_i/zed_audio_0/U0/Inst_adau1761_izedboard/Inst_i2s_data_interface/sr_out[47]_i_1/I0
	project_i/zed_audio_0/U0/Inst_adau1761_izedboard/Inst_i2s_data_interface/sr_out[48]_i_1/I0
	project_i/zed_audio_0/U0/Inst_adau1761_izedboard/Inst_i2s_data_interface/sr_out[49]_i_1/I0
	.. and 38 more pins.

Phase 6 Post Hold Fix | Checksum: 218b5dc1a

Time (s): cpu = 00:05:26 ; elapsed = 00:01:51 . Memory (MB): peak = 3887.938 ; gain = 1724.961 ; free physical = 162 ; free virtual = 4487

Phase 7 Route finalize

Router Utilization Summary
  Global Vertical Routing Utilization    = 4.3616 %
  Global Horizontal Routing Utilization  = 5.28567 %
  Routable Net Status*
  *Does not include unroutable nets such as driverless and loadless.
  Run report_route_status for detailed report.
  Number of Failed Nets               = 0
  Number of Unrouted Nets             = 0
  Number of Partially Routed Nets     = 0
  Number of Node Overlaps             = 0

Congestion Report
North Dir 1x1 Area, Max Cong = 64.8649%, No Congested Regions.
South Dir 1x1 Area, Max Cong = 60.3604%, No Congested Regions.
East Dir 1x1 Area, Max Cong = 70.5882%, No Congested Regions.
West Dir 1x1 Area, Max Cong = 60.2941%, No Congested Regions.
Phase 7 Route finalize | Checksum: 12f04c638

Time (s): cpu = 00:05:26 ; elapsed = 00:01:51 . Memory (MB): peak = 3887.938 ; gain = 1724.961 ; free physical = 162 ; free virtual = 4487

Phase 8 Verifying routed nets

 Verification completed successfully
Phase 8 Verifying routed nets | Checksum: 12f04c638

Time (s): cpu = 00:05:26 ; elapsed = 00:01:51 . Memory (MB): peak = 3887.938 ; gain = 1724.961 ; free physical = 162 ; free virtual = 4487

Phase 9 Depositing Routes
Phase 9 Depositing Routes | Checksum: 12c5fc21c

Time (s): cpu = 00:05:28 ; elapsed = 00:01:52 . Memory (MB): peak = 3887.938 ; gain = 1724.961 ; free physical = 162 ; free virtual = 4487

Phase 10 Post Router Timing

Phase 10.1 Update Timing
Phase 10.1 Update Timing | Checksum: 1d22abe65

Time (s): cpu = 00:05:32 ; elapsed = 00:01:53 . Memory (MB): peak = 3887.938 ; gain = 1724.961 ; free physical = 162 ; free virtual = 4487
INFO: [Route 35-57] Estimated Timing Summary | WNS=-4.677 | TNS=-370.308| WHS=-0.502 | THS=-2.344 |

WARNING: [Route 35-328] Router estimated timing not met.
Resolution: For a complete and accurate timing signoff, report_timing_summary must be run after route_design. Alternatively, route_design can be run with the -timing_summary option to enable a complete timing signoff at the end of route_design.
Phase 10 Post Router Timing | Checksum: 1d22abe65

Time (s): cpu = 00:05:32 ; elapsed = 00:01:53 . Memory (MB): peak = 3887.938 ; gain = 1724.961 ; free physical = 162 ; free virtual = 4487
WARNING: [Route 35-456] Router was unable to fix hold violation on 4 pins because of tight setup and hold constraints. Such pins are:
	project_i/zed_audio_0/U0/Inst_adau1761_izedboard/Inst_i2s_data_interface/sr_out[15]_i_1/I0
	project_i/zed_audio_0/U0/Inst_adau1761_izedboard/Inst_i2s_data_interface/sr_out[24]_i_1/I0
	project_i/zed_audio_0/U0/Inst_adau1761_izedboard/Inst_i2s_data_interface/sr_out[31]_i_1/I0
	project_i/zed_audio_0/U0/Inst_adau1761_izedboard/Inst_i2s_data_interface/sr_out[11]_i_1/I0

Resolution: Run report_timing_summary to analyze the hold violations.
WARNING: [Route 35-455] Router was unable to fix hold violation on 2 pins because of high hold requirement. Such pins are:
	project_i/zed_audio_0/U0/Inst_adau1761_izedboard/Inst_i2s_data_interface/sr_out[41]_i_1/I0
	project_i/zed_audio_0/U0/Inst_adau1761_izedboard/Inst_i2s_data_interface/sr_out[45]_i_1/I0

Resolution: Run report_timing_summary to analyze the hold violations.
WARNING: [Route 35-459] Router was unable to fix hold violation on 2 pins. This could be due to a combination of congestion, blockages and run-time limitations. Such pins are:
	project_i/zed_audio_0/U0/Inst_adau1761_izedboard/Inst_i2s_data_interface/sr_out[47]_i_1/I0
	project_i/zed_audio_0/U0/Inst_adau1761_izedboard/Inst_i2s_data_interface/sr_out[40]_i_1/I0

Resolution: You may try high effort hold fixing by turning on param route.enableGlobalHoldIter.
INFO: [Route 35-16] Router Completed Successfully

Time (s): cpu = 00:05:32 ; elapsed = 00:01:53 . Memory (MB): peak = 3887.938 ; gain = 1724.961 ; free physical = 162 ; free virtual = 4487

Routing Is Done.
INFO: [Common 17-83] Releasing license: Implementation
57 Infos, 8 Warnings, 0 Critical Warnings and 0 Errors encountered.
route_design completed successfully
route_design: Time (s): cpu = 00:05:35 ; elapsed = 00:01:55 . Memory (MB): peak = 3887.941 ; gain = 1724.965 ; free physical = 162 ; free virtual = 4487
Writing placer database...
Writing XDEF routing.
Writing XDEF routing logical nets.
Writing XDEF routing special nets.
Write XDEF Complete: Time (s): cpu = 00:00:06 ; elapsed = 00:00:02 . Memory (MB): peak = 3919.953 ; gain = 0.000 ; free physical = 125 ; free virtual = 4487
INFO: [DRC 23-27] Running DRC with 8 threads
INFO: [Coretcl 2-168] The results of DRC are in file /home/INTRA/chakal/workspace/project/vivado/project.runs/impl_1/project_wrapper_drc_routed.rpt.
INFO: [Timing 38-91] UpdateTimingParams: Speed grade: -1, Delay Type: min_max.
INFO: [Timing 38-191] Multithreading enabled for timing update using a maximum of 8 CPUs
CRITICAL WARNING: [Timing 38-282] The design failed to meet the timing requirements. Please see the timing summary report for details on the timing violations.
Running Vector-less Activity Propagation...

Finished Running Vector-less Activity Propagation
Attempting to get a license for feature 'Implementation' and/or device 'xc7z020'
INFO: [Common 17-349] Got license for feature 'Implementation' and/or device 'xc7z020'
Running DRC as a precondition to command write_bitstream
INFO: [DRC 23-27] Running DRC with 8 threads
INFO: [Vivado 12-3199] DRC finished with 0 Errors
INFO: [Vivado 12-3200] Please refer to the DRC report (report_drc) for more information.
INFO: [Designutils 20-2272] Running write_bitstream with 8 threads.
Loading data files...
Loading site data...
Loading route data...
Processing options...
Creating bitmap...
Creating bitstream...
Writing bitstream ./project_wrapper.bit...
INFO: [Vivado 12-1842] Bitgen Completed Successfully.
INFO: [Common 17-83] Releasing license: Implementation
write_bitstream: Time (s): cpu = 00:00:42 ; elapsed = 00:00:16 . Memory (MB): peak = 3975.980 ; gain = 0.000 ; free physical = 126 ; free virtual = 4479
INFO: [Common 17-206] Exiting Vivado at Thu May 11 01:45:10 2017...
